<?xml version="1.0" encoding="UTF-8"?>
<!-- Generated by org.testng.reporters.JUnitReportReporter -->
<testsuite hostname="PACD-2CNNC2S-DX" name="firsttestngpackage.FirstTestNGFile" tests="1" failures="0" timestamp="14 Sep 2016 02:26:59 GMT" time="9.687" errors="0">
  <testcase name="verifyHomepageTitle" time="9.687" classname="firsttestngpackage.FirstTestNGFile"/>
</testsuite> <!-- firsttestngpackage.FirstTestNGFile -->
